<?xml version="1.0" encoding="UTF-8"?>
<!-- Generated by org.testng.reporters.JUnitReportReporter -->
<testsuite skipped="1" hostname="Mohan" name="com.projectName.LoginModule.AT_LoginLogout_Valid" tests="1" failures="0" timestamp="04 Jan 2018 07:24:00 GMT" time="0.000" errors="0">
  <testcase name="testAT_LoginLogout_Valid" time="0.000" classname="com.projectName.LoginModule.AT_LoginLogout_Valid">
    <skipped/>
  </testcase> <!-- testAT_LoginLogout_Valid -->
</testsuite> <!-- com.projectName.LoginModule.AT_LoginLogout_Valid -->
